<?xml version="1.0" encoding="UTF-8"?>
<coverage generated="1780259407193" clover="3.2.0">
  <project timestamp="1780259407193" name="All files">
    <metrics statements="139" coveredstatements="133" conditionals="99" coveredconditionals="89" methods="57" coveredmethods="53" elements="295" coveredelements="275" complexity="0" loc="139" ncloc="139" packages="7" files="11" classes="11"/>
    <package name="src">
      <metrics statements="1" coveredstatements="1" conditionals="0" coveredconditionals="0" methods="1" coveredmethods="1"/>
      <file name="App.tsx" path="/Users/carlosguso/Dev/cotidiano/src/renderer/src/App.tsx">
        <metrics statements="1" coveredstatements="1" conditionals="0" coveredconditionals="0" methods="1" coveredmethods="1"/>
        <line num="5" count="2" type="stmt"/>
      </file>
    </package>
    <package name="src.components.projects">
      <metrics statements="86" coveredstatements="80" conditionals="47" coveredconditionals="42" methods="26" coveredmethods="22"/>
      <file name="ProjectDetail.tsx" path="/Users/carlosguso/Dev/cotidiano/src/renderer/src/components/projects/ProjectDetail.tsx">
        <metrics statements="21" coveredstatements="20" conditionals="4" coveredconditionals="4" methods="11" coveredmethods="10"/>
        <line num="18" count="34" type="stmt"/>
        <line num="26" count="30" type="stmt"/>
        <line num="27" count="30" type="stmt"/>
        <line num="28" count="30" type="stmt"/>
        <line num="30" count="30" type="stmt"/>
        <line num="31" count="13" type="stmt"/>
        <line num="32" count="13" type="stmt"/>
        <line num="35" count="30" type="cond" truecount="2" falsecount="0"/>
        <line num="36" count="13" type="stmt"/>
        <line num="49" count="17" type="stmt"/>
        <line num="50" count="2" type="stmt"/>
        <line num="51" count="2" type="stmt"/>
        <line num="54" count="17" type="stmt"/>
        <line num="55" count="1" type="stmt"/>
        <line num="58" count="17" type="stmt"/>
        <line num="87" count="1" type="stmt"/>
        <line num="91" count="3" type="stmt"/>
        <line num="97" count="1" type="stmt"/>
        <line num="145" count="0" type="stmt"/>
        <line num="153" count="2" type="stmt"/>
        <line num="163" count="1" type="stmt"/>
      </file>
      <file name="ProjectIcon.tsx" path="/Users/carlosguso/Dev/cotidiano/src/renderer/src/components/projects/ProjectIcon.tsx">
        <metrics statements="4" coveredstatements="4" conditionals="3" coveredconditionals="2" methods="1" coveredmethods="1"/>
        <line num="9" count="4" type="stmt"/>
        <line num="16" count="21" type="stmt"/>
        <line num="17" count="21" type="cond" truecount="1" falsecount="1"/>
        <line num="19" count="21" type="stmt"/>
      </file>
      <file name="ProjectListItem.tsx" path="/Users/carlosguso/Dev/cotidiano/src/renderer/src/components/projects/ProjectListItem.tsx">
        <metrics statements="5" coveredstatements="4" conditionals="7" coveredconditionals="6" methods="3" coveredmethods="2"/>
        <line num="19" count="9" type="cond" truecount="2" falsecount="0"/>
        <line num="20" count="2" type="stmt"/>
        <line num="27" count="0" type="stmt"/>
        <line num="35" count="7" type="stmt"/>
        <line num="39" count="1" type="stmt"/>
      </file>
      <file name="ProjectModal.tsx" path="/Users/carlosguso/Dev/cotidiano/src/renderer/src/components/projects/ProjectModal.tsx">
        <metrics statements="56" coveredstatements="52" conditionals="33" coveredconditionals="30" methods="11" coveredmethods="9"/>
        <line num="28" count="226" type="stmt"/>
        <line num="29" count="226" type="stmt"/>
        <line num="30" count="226" type="stmt"/>
        <line num="31" count="226" type="stmt"/>
        <line num="32" count="226" type="stmt"/>
        <line num="33" count="226" type="stmt"/>
        <line num="34" count="226" type="stmt"/>
        <line num="35" count="226" type="stmt"/>
        <line num="37" count="226" type="stmt"/>
        <line num="38" count="21" type="cond" truecount="2" falsecount="0"/>
        <line num="40" count="10" type="cond" truecount="2" falsecount="0"/>
        <line num="41" count="3" type="stmt"/>
        <line num="42" count="3" type="stmt"/>
        <line num="43" count="3" type="stmt"/>
        <line num="44" count="3" type="stmt"/>
        <line num="45" count="3" type="stmt"/>
        <line num="47" count="7" type="stmt"/>
        <line num="48" count="7" type="stmt"/>
        <line num="49" count="7" type="stmt"/>
        <line num="50" count="7" type="stmt"/>
        <line num="51" count="7" type="stmt"/>
        <line num="54" count="10" type="stmt"/>
        <line num="57" count="226" type="stmt"/>
        <line num="58" count="99" type="cond" truecount="4" falsecount="0"/>
        <line num="59" count="70" type="stmt"/>
        <line num="63" count="226" type="stmt"/>
        <line num="64" count="6" type="stmt"/>
        <line num="66" count="6" type="stmt"/>
        <line num="67" count="6" type="stmt"/>
        <line num="69" count="6" type="cond" truecount="2" falsecount="0"/>
        <line num="70" count="1" type="stmt"/>
        <line num="71" count="1" type="stmt"/>
        <line num="74" count="5" type="cond" truecount="1" falsecount="1"/>
        <line num="75" count="0" type="stmt"/>
        <line num="76" count="0" type="stmt"/>
        <line num="79" count="5" type="stmt"/>
        <line num="81" count="2" type="cond" truecount="3" falsecount="0"/>
        <line num="84" count="5" type="cond" truecount="2" falsecount="0"/>
        <line num="85" count="1" type="stmt"/>
        <line num="86" count="1" type="stmt"/>
        <line num="89" count="4" type="cond" truecount="2" falsecount="0"/>
        <line num="90" count="1" type="stmt"/>
        <line num="97" count="3" type="stmt"/>
        <line num="105" count="4" type="stmt"/>
        <line num="108" count="226" type="stmt"/>
        <line num="112" count="0" type="cond" truecount="0" falsecount="2"/>
        <line num="129" count="76" type="stmt"/>
        <line num="130" count="76" type="stmt"/>
        <line num="143" count="16" type="stmt"/>
        <line num="144" count="16" type="stmt"/>
        <line num="145" count="16" type="stmt"/>
        <line num="163" count="35" type="stmt"/>
        <line num="171" count="1808" type="stmt"/>
        <line num="172" count="1808" type="stmt"/>
        <line num="174" count="1808" type="stmt"/>
        <line num="179" count="0" type="stmt"/>
      </file>
    </package>
    <package name="src.components.sidebar">
      <metrics statements="5" coveredstatements="5" conditionals="28" coveredconditionals="27" methods="4" coveredmethods="4"/>
      <file name="Sidebar.tsx" path="/Users/carlosguso/Dev/cotidiano/src/renderer/src/components/sidebar/Sidebar.tsx">
        <metrics statements="5" coveredstatements="5" conditionals="28" coveredconditionals="27" methods="4" coveredmethods="4"/>
        <line num="12" count="13" type="stmt"/>
        <line num="13" count="13" type="stmt"/>
        <line num="15" count="13" type="stmt"/>
        <line num="93" count="6" type="stmt"/>
        <line num="108" count="2" type="stmt"/>
      </file>
    </package>
    <package name="src.context">
      <metrics statements="34" coveredstatements="34" conditionals="20" coveredconditionals="16" methods="20" coveredmethods="20"/>
      <file name="ProjectsContext.tsx" path="/Users/carlosguso/Dev/cotidiano/src/renderer/src/context/ProjectsContext.tsx">
        <metrics statements="34" coveredstatements="34" conditionals="20" coveredconditionals="16" methods="20" coveredmethods="20"/>
        <line num="26" count="7" type="stmt"/>
        <line num="29" count="4" type="stmt"/>
        <line num="33" count="8" type="stmt"/>
        <line num="45" count="42" type="stmt"/>
        <line num="46" count="42" type="stmt"/>
        <line num="50" count="42" type="stmt"/>
        <line num="52" count="42" type="stmt"/>
        <line num="53" count="23" type="stmt"/>
        <line num="54" count="1" type="stmt"/>
        <line num="58" count="42" type="stmt"/>
        <line num="59" count="42" type="cond" truecount="2" falsecount="0"/>
        <line num="63" count="42" type="stmt"/>
        <line num="64" count="2" type="stmt"/>
        <line num="67" count="42" type="stmt"/>
        <line num="68" count="4" type="stmt"/>
        <line num="69" count="4" type="stmt"/>
        <line num="80" count="4" type="stmt"/>
        <line num="81" count="4" type="stmt"/>
        <line num="82" count="4" type="stmt"/>
        <line num="85" count="42" type="stmt"/>
        <line num="86" count="4" type="stmt"/>
        <line num="87" count="4" type="stmt"/>
        <line num="88" count="4" type="cond" truecount="1" falsecount="1"/>
        <line num="90" count="4" type="stmt"/>
        <line num="102" count="42" type="stmt"/>
        <line num="103" count="2" type="stmt"/>
        <line num="104" count="2" type="cond" truecount="1" falsecount="1"/>
        <line num="107" count="42" type="stmt"/>
        <line num="108" count="42" type="stmt"/>
        <line num="130" count="42" type="stmt"/>
        <line num="134" count="279" type="stmt"/>
        <line num="135" count="279" type="cond" truecount="2" falsecount="0"/>
        <line num="136" count="2" type="stmt"/>
        <line num="138" count="277" type="stmt"/>
      </file>
    </package>
    <package name="src.layouts">
      <metrics statements="4" coveredstatements="4" conditionals="0" coveredconditionals="0" methods="3" coveredmethods="3"/>
      <file name="AppLayout.tsx" path="/Users/carlosguso/Dev/cotidiano/src/renderer/src/layouts/AppLayout.tsx">
        <metrics statements="4" coveredstatements="4" conditionals="0" coveredconditionals="0" methods="3" coveredmethods="3"/>
        <line num="7" count="6" type="stmt"/>
        <line num="9" count="6" type="stmt"/>
        <line num="11" count="2" type="stmt"/>
        <line num="13" count="2" type="stmt"/>
      </file>
    </package>
    <package name="src.lib">
      <metrics statements="9" coveredstatements="9" conditionals="4" coveredconditionals="4" methods="3" coveredmethods="3"/>
      <file name="projectColors.ts" path="/Users/carlosguso/Dev/cotidiano/src/renderer/src/lib/projectColors.ts">
        <metrics statements="8" coveredstatements="8" conditionals="4" coveredconditionals="4" methods="2" coveredmethods="2"/>
        <line num="3" count="6" type="stmt"/>
        <line num="17" count="6" type="stmt"/>
        <line num="29" count="77" type="stmt"/>
        <line num="34" count="77" type="cond" truecount="2" falsecount="0"/>
        <line num="36" count="68" type="cond" truecount="2" falsecount="0"/>
        <line num="37" count="44" type="stmt"/>
        <line num="40" count="24" type="stmt"/>
        <line num="41" count="49" type="stmt"/>
      </file>
      <file name="utils.ts" path="/Users/carlosguso/Dev/cotidiano/src/renderer/src/lib/utils.ts">
        <metrics statements="1" coveredstatements="1" conditionals="0" coveredconditionals="0" methods="1" coveredmethods="1"/>
        <line num="5" count="2587" type="stmt"/>
      </file>
    </package>
    <package name="src.types">
      <metrics statements="0" coveredstatements="0" conditionals="0" coveredconditionals="0" methods="0" coveredmethods="0"/>
      <file name="project.ts" path="/Users/carlosguso/Dev/cotidiano/src/renderer/src/types/project.ts">
        <metrics statements="0" coveredstatements="0" conditionals="0" coveredconditionals="0" methods="0" coveredmethods="0"/>
      </file>
    </package>
  </project>
</coverage>
