{"/Users/carlosguso/Dev/cotidiano/src/renderer/src/App.tsx": {"path":"/Users/carlosguso/Dev/cotidiano/src/renderer/src/App.tsx","statementMap":{"0":{"start":{"line":5,"column":2},"end":{"line":8,"column":null}}},"fnMap":{"0":{"name":"App","decl":{"start":{"line":4,"column":9},"end":{"line":4,"column":15}},"loc":{"start":{"line":4,"column":15},"end":{"line":10,"column":null}},"line":4}},"branchMap":{},"s":{"0":2},"f":{"0":2},"b":{},"meta":{"lastBranch":0,"lastFunction":1,"lastStatement":1,"seen":{"f:4:9:4:15":0,"s:5:2:8:Infinity":0}}}
,"/Users/carlosguso/Dev/cotidiano/src/renderer/src/components/projects/ProjectDetail.tsx": {"path":"/Users/carlosguso/Dev/cotidiano/src/renderer/src/components/projects/ProjectDetail.tsx","statementMap":{"0":{"start":{"line":18,"column":2},"end":{"line":22,"column":null}},"1":{"start":{"line":26,"column":71},"end":{"line":26,"column":null}},"2":{"start":{"line":27,"column":40},"end":{"line":27,"column":null}},"3":{"start":{"line":28,"column":40},"end":{"line":28,"column":null}},"4":{"start":{"line":30,"column":2},"end":{"line":33,"column":null}},"5":{"start":{"line":31,"column":4},"end":{"line":31,"column":null}},"6":{"start":{"line":32,"column":4},"end":{"line":32,"column":null}},"7":{"start":{"line":35,"column":2},"end":{"line":47,"column":null}},"8":{"start":{"line":36,"column":4},"end":{"line":45,"column":null}},"9":{"start":{"line":49,"column":24},"end":{"line":52,"column":null}},"10":{"start":{"line":50,"column":4},"end":{"line":50,"column":null}},"11":{"start":{"line":51,"column":4},"end":{"line":51,"column":null}},"12":{"start":{"line":54,"column":23},"end":{"line":56,"column":null}},"13":{"start":{"line":55,"column":4},"end":{"line":55,"column":null}},"14":{"start":{"line":58,"column":2},"end":{"line":166,"column":null}},"15":{"start":{"line":87,"column":47},"end":{"line":87,"column":null}},"16":{"start":{"line":91,"column":47},"end":{"line":91,"column":null}},"17":{"start":{"line":97,"column":31},"end":{"line":97,"column":null}},"18":{"start":{"line":145,"column":23},"end":{"line":145,"column":null}},"19":{"start":{"line":153,"column":23},"end":{"line":153,"column":null}},"20":{"start":{"line":163,"column":23},"end":{"line":163,"column":null}}},"fnMap":{"0":{"name":"formatDate","decl":{"start":{"line":17,"column":9},"end":{"line":17,"column":20}},"loc":{"start":{"line":17,"column":43},"end":{"line":23,"column":null}},"line":17},"1":{"name":"ProjectDetail","decl":{"start":{"line":25,"column":16},"end":{"line":25,"column":32}},"loc":{"start":{"line":25,"column":32},"end":{"line":168,"column":null}},"line":25},"2":{"name":"(anonymous_2)","decl":{"start":{"line":30,"column":12},"end":{"line":30,"column":18}},"loc":{"start":{"line":30,"column":18},"end":{"line":33,"column":5}},"line":30},"3":{"name":"(anonymous_3)","decl":{"start":{"line":49,"column":24},"end":{"line":49,"column":30}},"loc":{"start":{"line":49,"column":30},"end":{"line":52,"column":null}},"line":49},"4":{"name":"(anonymous_4)","decl":{"start":{"line":54,"column":23},"end":{"line":54,"column":29}},"loc":{"start":{"line":54,"column":29},"end":{"line":56,"column":null}},"line":54},"5":{"name":"(anonymous_5)","decl":{"start":{"line":87,"column":41},"end":{"line":87,"column":47}},"loc":{"start":{"line":87,"column":47},"end":{"line":87,"column":null}},"line":87},"6":{"name":"(anonymous_6)","decl":{"start":{"line":91,"column":41},"end":{"line":91,"column":47}},"loc":{"start":{"line":91,"column":47},"end":{"line":91,"column":null}},"line":91},"7":{"name":"(anonymous_7)","decl":{"start":{"line":97,"column":25},"end":{"line":97,"column":31}},"loc":{"start":{"line":97,"column":31},"end":{"line":97,"column":null}},"line":97},"8":{"name":"(anonymous_8)","decl":{"start":{"line":145,"column":17},"end":{"line":145,"column":23}},"loc":{"start":{"line":145,"column":23},"end":{"line":145,"column":null}},"line":145},"9":{"name":"(anonymous_9)","decl":{"start":{"line":153,"column":17},"end":{"line":153,"column":23}},"loc":{"start":{"line":153,"column":23},"end":{"line":153,"column":null}},"line":153},"10":{"name":"(anonymous_10)","decl":{"start":{"line":163,"column":17},"end":{"line":163,"column":23}},"loc":{"start":{"line":163,"column":23},"end":{"line":163,"column":null}},"line":163}},"branchMap":{"0":{"loc":{"start":{"line":35,"column":2},"end":{"line":47,"column":null}},"type":"if","locations":[{"start":{"line":35,"column":2},"end":{"line":47,"column":null}},{"start":{},"end":{}}],"line":35},"1":{"loc":{"start":{"line":109,"column":11},"end":{"line":116,"column":null}},"type":"cond-expr","locations":[{"start":{"line":110,"column":12},"end":{"line":115,"column":null}},{"start":{"line":116,"column":14},"end":{"line":116,"column":null}}],"line":109}},"s":{"0":34,"1":30,"2":30,"3":30,"4":30,"5":13,"6":13,"7":30,"8":13,"9":17,"10":2,"11":2,"12":17,"13":1,"14":17,"15":1,"16":3,"17":1,"18":0,"19":2,"20":1},"f":{"0":34,"1":30,"2":13,"3":2,"4":1,"5":1,"6":3,"7":1,"8":0,"9":2,"10":1},"b":{"0":[13,17],"1":[14,3]},"meta":{"lastBranch":2,"lastFunction":11,"lastStatement":21,"seen":{"f:17:9:17:20":0,"s:18:2:22:Infinity":0,"f:25:16:25:32":1,"s:26:71:26:Infinity":1,"s:27:40:27:Infinity":2,"s:28:40:28:Infinity":3,"s:30:2:33:Infinity":4,"f:30:12:30:18":2,"s:31:4:31:Infinity":5,"s:32:4:32:Infinity":6,"b:35:2:47:Infinity:undefined:undefined:undefined:undefined":0,"s:35:2:47:Infinity":7,"s:36:4:45:Infinity":8,"s:49:24:52:Infinity":9,"f:49:24:49:30":3,"s:50:4:50:Infinity":10,"s:51:4:51:Infinity":11,"s:54:23:56:Infinity":12,"f:54:23:54:29":4,"s:55:4:55:Infinity":13,"s:58:2:166:Infinity":14,"f:87:41:87:47":5,"s:87:47:87:Infinity":15,"f:91:41:91:47":6,"s:91:47:91:Infinity":16,"f:97:25:97:31":7,"s:97:31:97:Infinity":17,"b:110:12:115:Infinity:116:14:116:Infinity":1,"f:145:17:145:23":8,"s:145:23:145:Infinity":18,"f:153:17:153:23":9,"s:153:23:153:Infinity":19,"f:163:17:163:23":10,"s:163:23:163:Infinity":20}}}
,"/Users/carlosguso/Dev/cotidiano/src/renderer/src/components/projects/ProjectIcon.tsx": {"path":"/Users/carlosguso/Dev/cotidiano/src/renderer/src/components/projects/ProjectIcon.tsx","statementMap":{"0":{"start":{"line":9,"column":20},"end":{"line":13,"column":null}},"1":{"start":{"line":16,"column":17},"end":{"line":16,"column":null}},"2":{"start":{"line":17,"column":18},"end":{"line":17,"column":null}},"3":{"start":{"line":19,"column":2},"end":{"line":24,"column":null}}},"fnMap":{"0":{"name":"ProjectIcon","decl":{"start":{"line":15,"column":16},"end":{"line":15,"column":28}},"loc":{"start":{"line":15,"column":72},"end":{"line":26,"column":null}},"line":15}},"branchMap":{"0":{"loc":{"start":{"line":15,"column":39},"end":{"line":15,"column":51}},"type":"default-arg","locations":[{"start":{"line":15,"column":46},"end":{"line":15,"column":51}}],"line":15},"1":{"loc":{"start":{"line":17,"column":18},"end":{"line":17,"column":null}},"type":"binary-expr","locations":[{"start":{"line":17,"column":18},"end":{"line":17,"column":65}},{"start":{"line":17,"column":65},"end":{"line":17,"column":null}}],"line":17}},"s":{"0":4,"1":21,"2":21,"3":21},"f":{"0":21},"b":{"0":[21],"1":[21,0]},"meta":{"lastBranch":2,"lastFunction":1,"lastStatement":4,"seen":{"s:9:20:13:Infinity":0,"f:15:16:15:28":0,"b:15:46:15:51":0,"s:16:17:16:Infinity":1,"s:17:18:17:Infinity":2,"b:17:18:17:65:17:65:17:Infinity":1,"s:19:2:24:Infinity":3}}}
,"/Users/carlosguso/Dev/cotidiano/src/renderer/src/components/projects/ProjectListItem.tsx": {"path":"/Users/carlosguso/Dev/cotidiano/src/renderer/src/components/projects/ProjectListItem.tsx","statementMap":{"0":{"start":{"line":19,"column":2},"end":{"line":33,"column":null}},"1":{"start":{"line":20,"column":4},"end":{"line":31,"column":null}},"2":{"start":{"line":27,"column":23},"end":{"line":27,"column":null}},"3":{"start":{"line":35,"column":2},"end":{"line":50,"column":null}},"4":{"start":{"line":39,"column":21},"end":{"line":39,"column":null}}},"fnMap":{"0":{"name":"ProjectListItem","decl":{"start":{"line":13,"column":16},"end":{"line":13,"column":32}},"loc":{"start":{"line":18,"column":25},"end":{"line":52,"column":null}},"line":18},"1":{"name":"(anonymous_1)","decl":{"start":{"line":27,"column":17},"end":{"line":27,"column":23}},"loc":{"start":{"line":27,"column":23},"end":{"line":27,"column":null}},"line":27},"2":{"name":"(anonymous_2)","decl":{"start":{"line":39,"column":15},"end":{"line":39,"column":21}},"loc":{"start":{"line":39,"column":21},"end":{"line":39,"column":null}},"line":39}},"branchMap":{"0":{"loc":{"start":{"line":16,"column":2},"end":{"line":16,"column":null}},"type":"default-arg","locations":[{"start":{"line":16,"column":14},"end":{"line":16,"column":null}}],"line":16},"1":{"loc":{"start":{"line":19,"column":2},"end":{"line":33,"column":null}},"type":"if","locations":[{"start":{"line":19,"column":2},"end":{"line":33,"column":null}},{"start":{},"end":{}}],"line":19},"2":{"loc":{"start":{"line":28,"column":32},"end":{"line":28,"column":78}},"type":"binary-expr","locations":[{"start":{"line":28,"column":32},"end":{"line":28,"column":44}},{"start":{"line":28,"column":44},"end":{"line":28,"column":78}}],"line":28},"3":{"loc":{"start":{"line":42,"column":8},"end":{"line":42,"column":null}},"type":"binary-expr","locations":[{"start":{"line":42,"column":8},"end":{"line":42,"column":20}},{"start":{"line":42,"column":20},"end":{"line":42,"column":null}}],"line":42}},"s":{"0":9,"1":2,"2":0,"3":7,"4":1},"f":{"0":9,"1":0,"2":1},"b":{"0":[9],"1":[2,7],"2":[2,0],"3":[7,2]},"meta":{"lastBranch":4,"lastFunction":3,"lastStatement":5,"seen":{"f:13:16:13:32":0,"b:16:14:16:Infinity":0,"b:19:2:33:Infinity:undefined:undefined:undefined:undefined":1,"s:19:2:33:Infinity":0,"s:20:4:31:Infinity":1,"f:27:17:27:23":1,"s:27:23:27:Infinity":2,"b:28:32:28:44:28:44:28:78":2,"s:35:2:50:Infinity":3,"f:39:15:39:21":2,"s:39:21:39:Infinity":4,"b:42:8:42:20:42:20:42:Infinity":3}}}
,"/Users/carlosguso/Dev/cotidiano/src/renderer/src/components/projects/ProjectModal.tsx": {"path":"/Users/carlosguso/Dev/cotidiano/src/renderer/src/components/projects/ProjectModal.tsx","statementMap":{"0":{"start":{"line":28,"column":20},"end":{"line":28,"column":null}},"1":{"start":{"line":29,"column":55},"end":{"line":29,"column":null}},"2":{"start":{"line":30,"column":22},"end":{"line":30,"column":null}},"3":{"start":{"line":31,"column":34},"end":{"line":31,"column":null}},"4":{"start":{"line":32,"column":36},"end":{"line":32,"column":null}},"5":{"start":{"line":33,"column":24},"end":{"line":33,"column":null}},"6":{"start":{"line":34,"column":48},"end":{"line":34,"column":null}},"7":{"start":{"line":35,"column":24},"end":{"line":35,"column":null}},"8":{"start":{"line":37,"column":2},"end":{"line":55,"column":null}},"9":{"start":{"line":38,"column":4},"end":{"line":38,"column":null}},"10":{"start":{"line":38,"column":15},"end":{"line":38,"column":null}},"11":{"start":{"line":40,"column":4},"end":{"line":52,"column":null}},"12":{"start":{"line":41,"column":6},"end":{"line":41,"column":null}},"13":{"start":{"line":42,"column":6},"end":{"line":42,"column":null}},"14":{"start":{"line":43,"column":6},"end":{"line":43,"column":null}},"15":{"start":{"line":44,"column":6},"end":{"line":44,"column":null}},"16":{"start":{"line":45,"column":6},"end":{"line":45,"column":null}},"17":{"start":{"line":47,"column":6},"end":{"line":47,"column":null}},"18":{"start":{"line":48,"column":6},"end":{"line":48,"column":null}},"19":{"start":{"line":49,"column":6},"end":{"line":49,"column":null}},"20":{"start":{"line":50,"column":6},"end":{"line":50,"column":null}},"21":{"start":{"line":51,"column":6},"end":{"line":51,"column":null}},"22":{"start":{"line":54,"column":4},"end":{"line":54,"column":null}},"23":{"start":{"line":57,"column":2},"end":{"line":61,"column":null}},"24":{"start":{"line":58,"column":4},"end":{"line":60,"column":null}},"25":{"start":{"line":59,"column":6},"end":{"line":59,"column":null}},"26":{"start":{"line":63,"column":23},"end":{"line":106,"column":null}},"27":{"start":{"line":64,"column":4},"end":{"line":64,"column":null}},"28":{"start":{"line":66,"column":24},"end":{"line":66,"column":null}},"29":{"start":{"line":67,"column":30},"end":{"line":67,"column":null}},"30":{"start":{"line":69,"column":4},"end":{"line":72,"column":null}},"31":{"start":{"line":70,"column":6},"end":{"line":70,"column":null}},"32":{"start":{"line":71,"column":6},"end":{"line":71,"column":null}},"33":{"start":{"line":74,"column":4},"end":{"line":77,"column":null}},"34":{"start":{"line":75,"column":6},"end":{"line":75,"column":null}},"35":{"start":{"line":76,"column":6},"end":{"line":76,"column":null}},"36":{"start":{"line":79,"column":28},"end":{"line":82,"column":null}},"37":{"start":{"line":81,"column":8},"end":{"line":81,"column":null}},"38":{"start":{"line":84,"column":4},"end":{"line":87,"column":null}},"39":{"start":{"line":85,"column":6},"end":{"line":85,"column":null}},"40":{"start":{"line":86,"column":6},"end":{"line":86,"column":null}},"41":{"start":{"line":89,"column":4},"end":{"line":103,"column":null}},"42":{"start":{"line":90,"column":6},"end":{"line":95,"column":null}},"43":{"start":{"line":97,"column":6},"end":{"line":102,"column":null}},"44":{"start":{"line":105,"column":4},"end":{"line":105,"column":null}},"45":{"start":{"line":108,"column":2},"end":{"line":197,"column":null}},"46":{"start":{"line":112,"column":8},"end":{"line":112,"column":null}},"47":{"start":{"line":112,"column":21},"end":{"line":112,"column":null}},"48":{"start":{"line":129,"column":16},"end":{"line":129,"column":null}},"49":{"start":{"line":130,"column":16},"end":{"line":130,"column":null}},"50":{"start":{"line":143,"column":16},"end":{"line":143,"column":null}},"51":{"start":{"line":144,"column":16},"end":{"line":144,"column":null}},"52":{"start":{"line":145,"column":16},"end":{"line":145,"column":null}},"53":{"start":{"line":163,"column":35},"end":{"line":163,"column":null}},"54":{"start":{"line":171,"column":31},"end":{"line":171,"column":null}},"55":{"start":{"line":172,"column":33},"end":{"line":172,"column":null}},"56":{"start":{"line":174,"column":16},"end":{"line":183,"column":null}},"57":{"start":{"line":179,"column":35},"end":{"line":179,"column":null}}},"fnMap":{"0":{"name":"ProjectModal","decl":{"start":{"line":27,"column":16},"end":{"line":27,"column":29}},"loc":{"start":{"line":27,"column":83},"end":{"line":199,"column":null}},"line":27},"1":{"name":"(anonymous_1)","decl":{"start":{"line":37,"column":12},"end":{"line":37,"column":18}},"loc":{"start":{"line":37,"column":18},"end":{"line":55,"column":5}},"line":37},"2":{"name":"(anonymous_2)","decl":{"start":{"line":57,"column":12},"end":{"line":57,"column":18}},"loc":{"start":{"line":57,"column":18},"end":{"line":61,"column":5}},"line":57},"3":{"name":"(anonymous_3)","decl":{"start":{"line":63,"column":23},"end":{"line":63,"column":24}},"loc":{"start":{"line":63,"column":45},"end":{"line":106,"column":null}},"line":63},"4":{"name":"(anonymous_4)","decl":{"start":{"line":80,"column":6},"end":{"line":80,"column":7}},"loc":{"start":{"line":81,"column":8},"end":{"line":81,"column":null}},"line":81},"5":{"name":"(anonymous_5)","decl":{"start":{"line":111,"column":20},"end":{"line":111,"column":21}},"loc":{"start":{"line":111,"column":32},"end":{"line":113,"column":null}},"line":111},"6":{"name":"(anonymous_6)","decl":{"start":{"line":128,"column":24},"end":{"line":128,"column":25}},"loc":{"start":{"line":128,"column":35},"end":{"line":131,"column":null}},"line":128},"7":{"name":"(anonymous_7)","decl":{"start":{"line":142,"column":24},"end":{"line":142,"column":25}},"loc":{"start":{"line":142,"column":35},"end":{"line":146,"column":null}},"line":142},"8":{"name":"(anonymous_8)","decl":{"start":{"line":163,"column":24},"end":{"line":163,"column":25}},"loc":{"start":{"line":163,"column":35},"end":{"line":163,"column":null}},"line":163},"9":{"name":"(anonymous_9)","decl":{"start":{"line":170,"column":34},"end":{"line":170,"column":35}},"loc":{"start":{"line":170,"column":46},"end":{"line":185,"column":15}},"line":170},"10":{"name":"(anonymous_10)","decl":{"start":{"line":179,"column":29},"end":{"line":179,"column":35}},"loc":{"start":{"line":179,"column":35},"end":{"line":179,"column":null}},"line":179}},"branchMap":{"0":{"loc":{"start":{"line":27,"column":46},"end":{"line":27,"column":61}},"type":"default-arg","locations":[{"start":{"line":27,"column":56},"end":{"line":27,"column":61}}],"line":27},"1":{"loc":{"start":{"line":38,"column":4},"end":{"line":38,"column":null}},"type":"if","locations":[{"start":{"line":38,"column":4},"end":{"line":38,"column":null}},{"start":{},"end":{}}],"line":38},"2":{"loc":{"start":{"line":40,"column":4},"end":{"line":52,"column":null}},"type":"if","locations":[{"start":{"line":40,"column":4},"end":{"line":52,"column":null}},{"start":{"line":46,"column":11},"end":{"line":52,"column":null}}],"line":40},"3":{"loc":{"start":{"line":58,"column":4},"end":{"line":60,"column":null}},"type":"if","locations":[{"start":{"line":58,"column":4},"end":{"line":60,"column":null}},{"start":{},"end":{}}],"line":58},"4":{"loc":{"start":{"line":58,"column":8},"end":{"line":58,"column":42}},"type":"binary-expr","locations":[{"start":{"line":58,"column":8},"end":{"line":58,"column":22}},{"start":{"line":58,"column":22},"end":{"line":58,"column":42}}],"line":58},"5":{"loc":{"start":{"line":69,"column":4},"end":{"line":72,"column":null}},"type":"if","locations":[{"start":{"line":69,"column":4},"end":{"line":72,"column":null}},{"start":{},"end":{}}],"line":69},"6":{"loc":{"start":{"line":74,"column":4},"end":{"line":77,"column":null}},"type":"if","locations":[{"start":{"line":74,"column":4},"end":{"line":77,"column":null}},{"start":{},"end":{}}],"line":74},"7":{"loc":{"start":{"line":81,"column":8},"end":{"line":81,"column":null}},"type":"binary-expr","locations":[{"start":{"line":81,"column":8},"end":{"line":81,"column":51}},{"start":{"line":81,"column":51},"end":{"line":81,"column":65}},{"start":{"line":81,"column":65},"end":{"line":81,"column":null}}],"line":81},"8":{"loc":{"start":{"line":84,"column":4},"end":{"line":87,"column":null}},"type":"if","locations":[{"start":{"line":84,"column":4},"end":{"line":87,"column":null}},{"start":{},"end":{}}],"line":84},"9":{"loc":{"start":{"line":89,"column":4},"end":{"line":103,"column":null}},"type":"if","locations":[{"start":{"line":89,"column":4},"end":{"line":103,"column":null}},{"start":{"line":96,"column":11},"end":{"line":103,"column":null}}],"line":89},"10":{"loc":{"start":{"line":110,"column":12},"end":{"line":110,"column":null}},"type":"binary-expr","locations":[{"start":{"line":110,"column":12},"end":{"line":110,"column":21}},{"start":{"line":110,"column":21},"end":{"line":110,"column":35}},{"start":{"line":110,"column":35},"end":{"line":110,"column":null}}],"line":110},"11":{"loc":{"start":{"line":112,"column":8},"end":{"line":112,"column":null}},"type":"if","locations":[{"start":{"line":112,"column":8},"end":{"line":112,"column":null}},{"start":{},"end":{}}],"line":112},"12":{"loc":{"start":{"line":117,"column":24},"end":{"line":117,"column":70}},"type":"cond-expr","locations":[{"start":{"line":117,"column":36},"end":{"line":117,"column":53}},{"start":{"line":117,"column":53},"end":{"line":117,"column":70}}],"line":117},"13":{"loc":{"start":{"line":148,"column":13},"end":{"line":153,"column":null}},"type":"cond-expr","locations":[{"start":{"line":149,"column":14},"end":{"line":149,"column":null}},{"start":{"line":151,"column":14},"end":{"line":153,"column":null}}],"line":148},"14":{"loc":{"start":{"line":181,"column":22},"end":{"line":181,"column":null}},"type":"cond-expr","locations":[{"start":{"line":181,"column":33},"end":{"line":181,"column":96}},{"start":{"line":181,"column":96},"end":{"line":181,"column":null}}],"line":181},"15":{"loc":{"start":{"line":193,"column":35},"end":{"line":193,"column":81}},"type":"cond-expr","locations":[{"start":{"line":193,"column":47},"end":{"line":193,"column":64}},{"start":{"line":193,"column":64},"end":{"line":193,"column":81}}],"line":193}},"s":{"0":226,"1":226,"2":226,"3":226,"4":226,"5":226,"6":226,"7":226,"8":226,"9":21,"10":11,"11":10,"12":3,"13":3,"14":3,"15":3,"16":3,"17":7,"18":7,"19":7,"20":7,"21":7,"22":10,"23":226,"24":99,"25":70,"26":226,"27":6,"28":6,"29":6,"30":6,"31":1,"32":1,"33":5,"34":0,"35":0,"36":5,"37":2,"38":5,"39":1,"40":1,"41":4,"42":1,"43":3,"44":4,"45":226,"46":0,"47":0,"48":76,"49":76,"50":16,"51":16,"52":16,"53":35,"54":1808,"55":1808,"56":1808,"57":0},"f":{"0":226,"1":21,"2":99,"3":6,"4":2,"5":0,"6":76,"7":16,"8":35,"9":1808,"10":0},"b":{"0":[226],"1":[11,10],"2":[3,7],"3":[70,29],"4":[99,74],"5":[1,5],"6":[0,5],"7":[2,2,1],"8":[1,4],"9":[1,3],"10":[226,210,20],"11":[0,0],"12":[31,195],"13":[3,223],"14":[226,1582],"15":[31,195]},"meta":{"lastBranch":16,"lastFunction":11,"lastStatement":58,"seen":{"f:27:16:27:29":0,"b:27:56:27:61":0,"s:28:20:28:Infinity":0,"s:29:55:29:Infinity":1,"s:30:22:30:Infinity":2,"s:31:34:31:Infinity":3,"s:32:36:32:Infinity":4,"s:33:24:33:Infinity":5,"s:34:48:34:Infinity":6,"s:35:24:35:Infinity":7,"s:37:2:55:Infinity":8,"f:37:12:37:18":1,"b:38:4:38:Infinity:undefined:undefined:undefined:undefined":1,"s:38:4:38:Infinity":9,"s:38:15:38:Infinity":10,"b:40:4:52:Infinity:46:11:52:Infinity":2,"s:40:4:52:Infinity":11,"s:41:6:41:Infinity":12,"s:42:6:42:Infinity":13,"s:43:6:43:Infinity":14,"s:44:6:44:Infinity":15,"s:45:6:45:Infinity":16,"s:47:6:47:Infinity":17,"s:48:6:48:Infinity":18,"s:49:6:49:Infinity":19,"s:50:6:50:Infinity":20,"s:51:6:51:Infinity":21,"s:54:4:54:Infinity":22,"s:57:2:61:Infinity":23,"f:57:12:57:18":2,"b:58:4:60:Infinity:undefined:undefined:undefined:undefined":3,"s:58:4:60:Infinity":24,"b:58:8:58:22:58:22:58:42":4,"s:59:6:59:Infinity":25,"s:63:23:106:Infinity":26,"f:63:23:63:24":3,"s:64:4:64:Infinity":27,"s:66:24:66:Infinity":28,"s:67:30:67:Infinity":29,"b:69:4:72:Infinity:undefined:undefined:undefined:undefined":5,"s:69:4:72:Infinity":30,"s:70:6:70:Infinity":31,"s:71:6:71:Infinity":32,"b:74:4:77:Infinity:undefined:undefined:undefined:undefined":6,"s:74:4:77:Infinity":33,"s:75:6:75:Infinity":34,"s:76:6:76:Infinity":35,"s:79:28:82:Infinity":36,"f:80:6:80:7":4,"s:81:8:81:Infinity":37,"b:81:8:81:51:81:51:81:65:81:65:81:Infinity":7,"b:84:4:87:Infinity:undefined:undefined:undefined:undefined":8,"s:84:4:87:Infinity":38,"s:85:6:85:Infinity":39,"s:86:6:86:Infinity":40,"b:89:4:103:Infinity:96:11:103:Infinity":9,"s:89:4:103:Infinity":41,"s:90:6:95:Infinity":42,"s:97:6:102:Infinity":43,"s:105:4:105:Infinity":44,"s:108:2:197:Infinity":45,"b:110:12:110:21:110:21:110:35:110:35:110:Infinity":10,"f:111:20:111:21":5,"b:112:8:112:Infinity:undefined:undefined:undefined:undefined":11,"s:112:8:112:Infinity":46,"s:112:21:112:Infinity":47,"b:117:36:117:53:117:53:117:70":12,"f:128:24:128:25":6,"s:129:16:129:Infinity":48,"s:130:16:130:Infinity":49,"f:142:24:142:25":7,"s:143:16:143:Infinity":50,"s:144:16:144:Infinity":51,"s:145:16:145:Infinity":52,"b:149:14:149:Infinity:151:14:153:Infinity":13,"f:163:24:163:25":8,"s:163:35:163:Infinity":53,"f:170:34:170:35":9,"s:171:31:171:Infinity":54,"s:172:33:172:Infinity":55,"s:174:16:183:Infinity":56,"f:179:29:179:35":10,"s:179:35:179:Infinity":57,"b:181:33:181:96:181:96:181:Infinity":14,"b:193:47:193:64:193:64:193:81":15}}}
,"/Users/carlosguso/Dev/cotidiano/src/renderer/src/components/sidebar/Sidebar.tsx": {"path":"/Users/carlosguso/Dev/cotidiano/src/renderer/src/components/sidebar/Sidebar.tsx","statementMap":{"0":{"start":{"line":12,"column":59},"end":{"line":12,"column":null}},"1":{"start":{"line":13,"column":32},"end":{"line":13,"column":null}},"2":{"start":{"line":15,"column":2},"end":{"line":124,"column":null}},"3":{"start":{"line":93,"column":12},"end":{"line":99,"column":null}},"4":{"start":{"line":108,"column":25},"end":{"line":108,"column":null}},"5":{"start":{"line":108,"column":51},"end":{"line":108,"column":59}}},"fnMap":{"0":{"name":"Sidebar","decl":{"start":{"line":11,"column":16},"end":{"line":11,"column":24}},"loc":{"start":{"line":11,"column":59},"end":{"line":126,"column":null}},"line":11},"1":{"name":"(anonymous_1)","decl":{"start":{"line":92,"column":29},"end":{"line":92,"column":30}},"loc":{"start":{"line":93,"column":12},"end":{"line":99,"column":null}},"line":93},"2":{"name":"(anonymous_2)","decl":{"start":{"line":108,"column":19},"end":{"line":108,"column":25}},"loc":{"start":{"line":108,"column":25},"end":{"line":108,"column":null}},"line":108},"3":{"name":"(anonymous_3)","decl":{"start":{"line":108,"column":38},"end":{"line":108,"column":39}},"loc":{"start":{"line":108,"column":51},"end":{"line":108,"column":59}},"line":108}},"branchMap":{"0":{"loc":{"start":{"line":18,"column":8},"end":{"line":18,"column":null}},"type":"cond-expr","locations":[{"start":{"line":18,"column":20},"end":{"line":18,"column":29}},{"start":{"line":18,"column":29},"end":{"line":18,"column":null}}],"line":18},"1":{"loc":{"start":{"line":23,"column":10},"end":{"line":23,"column":null}},"type":"cond-expr","locations":[{"start":{"line":23,"column":22},"end":{"line":23,"column":46}},{"start":{"line":23,"column":46},"end":{"line":23,"column":null}}],"line":23},"2":{"loc":{"start":{"line":26,"column":51},"end":{"line":26,"column":84}},"type":"cond-expr","locations":[{"start":{"line":26,"column":63},"end":{"line":26,"column":82}},{"start":{"line":26,"column":82},"end":{"line":26,"column":84}}],"line":26},"3":{"loc":{"start":{"line":30,"column":11},"end":{"line":34,"column":null}},"type":"cond-expr","locations":[{"start":{"line":31,"column":12},"end":{"line":33,"column":null}},{"start":{"line":34,"column":14},"end":{"line":34,"column":null}}],"line":30},"4":{"loc":{"start":{"line":40,"column":10},"end":{"line":40,"column":null}},"type":"cond-expr","locations":[{"start":{"line":40,"column":22},"end":{"line":40,"column":46}},{"start":{"line":40,"column":46},"end":{"line":40,"column":null}}],"line":40},"5":{"loc":{"start":{"line":43,"column":9},"end":{"line":47,"column":null}},"type":"cond-expr","locations":[{"start":{"line":44,"column":10},"end":{"line":46,"column":null}},{"start":{"line":47,"column":12},"end":{"line":47,"column":null}}],"line":43},"6":{"loc":{"start":{"line":62,"column":10},"end":{"line":62,"column":null}},"type":"cond-expr","locations":[{"start":{"line":62,"column":22},"end":{"line":62,"column":33}},{"start":{"line":62,"column":33},"end":{"line":62,"column":null}}],"line":62},"7":{"loc":{"start":{"line":65,"column":9},"end":{"line":100,"column":null}},"type":"cond-expr","locations":[{"start":{"line":66,"column":10},"end":{"line":89,"column":null}},{"start":{"line":92,"column":10},"end":{"line":100,"column":null}}],"line":65},"8":{"loc":{"start":{"line":66,"column":10},"end":{"line":89,"column":null}},"type":"cond-expr","locations":[{"start":{"line":67,"column":12},"end":{"line":76,"column":null}},{"start":{"line":78,"column":12},"end":{"line":89,"column":null}}],"line":66},"9":{"loc":{"start":{"line":109,"column":22},"end":{"line":109,"column":null}},"type":"cond-expr","locations":[{"start":{"line":109,"column":34},"end":{"line":109,"column":53}},{"start":{"line":109,"column":53},"end":{"line":109,"column":null}}],"line":109},"10":{"loc":{"start":{"line":110,"column":17},"end":{"line":110,"column":null}},"type":"cond-expr","locations":[{"start":{"line":110,"column":29},"end":{"line":110,"column":48}},{"start":{"line":110,"column":48},"end":{"line":110,"column":null}}],"line":110},"11":{"loc":{"start":{"line":111,"column":53},"end":{"line":111,"column":100}},"type":"cond-expr","locations":[{"start":{"line":111,"column":65},"end":{"line":111,"column":74}},{"start":{"line":111,"column":74},"end":{"line":111,"column":100}}],"line":111},"12":{"loc":{"start":{"line":112,"column":16},"end":{"line":112,"column":null}},"type":"cond-expr","locations":[{"start":{"line":112,"column":28},"end":{"line":112,"column":40}},{"start":{"line":112,"column":40},"end":{"line":112,"column":null}}],"line":112},"13":{"loc":{"start":{"line":114,"column":11},"end":{"line":120,"column":null}},"type":"cond-expr","locations":[{"start":{"line":115,"column":12},"end":{"line":115,"column":null}},{"start":{"line":117,"column":12},"end":{"line":120,"column":null}}],"line":114}},"s":{"0":13,"1":13,"2":13,"3":6,"4":2,"5":2},"f":{"0":13,"1":6,"2":2,"3":2},"b":{"0":[1,12],"1":[1,12],"2":[1,12],"3":[12,1],"4":[1,12],"5":[12,1],"6":[1,12],"7":[7,6],"8":[0,7],"9":[1,12],"10":[1,12],"11":[1,12],"12":[1,12],"13":[1,12]},"meta":{"lastBranch":14,"lastFunction":4,"lastStatement":6,"seen":{"f:11:16:11:24":0,"s:12:59:12:Infinity":0,"s:13:32:13:Infinity":1,"s:15:2:124:Infinity":2,"b:18:20:18:29:18:29:18:Infinity":0,"b:23:22:23:46:23:46:23:Infinity":1,"b:26:63:26:82:26:82:26:84":2,"b:31:12:33:Infinity:34:14:34:Infinity":3,"b:40:22:40:46:40:46:40:Infinity":4,"b:44:10:46:Infinity:47:12:47:Infinity":5,"b:62:22:62:33:62:33:62:Infinity":6,"b:66:10:89:Infinity:92:10:100:Infinity":7,"b:67:12:76:Infinity:78:12:89:Infinity":8,"f:92:29:92:30":1,"s:93:12:99:Infinity":3,"f:108:19:108:25":2,"s:108:25:108:Infinity":4,"f:108:38:108:39":3,"s:108:51:108:59":5,"b:109:34:109:53:109:53:109:Infinity":9,"b:110:29:110:48:110:48:110:Infinity":10,"b:111:65:111:74:111:74:111:100":11,"b:112:28:112:40:112:40:112:Infinity":12,"b:115:12:115:Infinity:117:12:120:Infinity":13}}}
,"/Users/carlosguso/Dev/cotidiano/src/renderer/src/context/ProjectsContext.tsx": {"path":"/Users/carlosguso/Dev/cotidiano/src/renderer/src/context/ProjectsContext.tsx","statementMap":{"0":{"start":{"line":26,"column":6},"end":{"line":26,"column":null}},"1":{"start":{"line":29,"column":2},"end":{"line":29,"column":null}},"2":{"start":{"line":33,"column":2},"end":{"line":33,"column":null}},"3":{"start":{"line":45,"column":30},"end":{"line":45,"column":null}},"4":{"start":{"line":46,"column":48},"end":{"line":48,"column":null}},"5":{"start":{"line":50,"column":8},"end":{"line":56,"column":null}},"6":{"start":{"line":52,"column":6},"end":{"line":54,"column":null}},"7":{"start":{"line":53,"column":29},"end":{"line":53,"column":56}},"8":{"start":{"line":54,"column":24},"end":{"line":54,"column":52}},"9":{"start":{"line":58,"column":8},"end":{"line":61,"column":null}},"10":{"start":{"line":59,"column":10},"end":{"line":59,"column":null}},"11":{"start":{"line":59,"column":37},"end":{"line":59,"column":69}},"12":{"start":{"line":63,"column":8},"end":{"line":65,"column":null}},"13":{"start":{"line":64,"column":4},"end":{"line":64,"column":null}},"14":{"start":{"line":67,"column":8},"end":{"line":83,"column":null}},"15":{"start":{"line":68,"column":22},"end":{"line":68,"column":null}},"16":{"start":{"line":69,"column":29},"end":{"line":78,"column":null}},"17":{"start":{"line":80,"column":4},"end":{"line":80,"column":null}},"18":{"start":{"line":80,"column":29},"end":{"line":80,"column":50}},"19":{"start":{"line":81,"column":4},"end":{"line":81,"column":null}},"20":{"start":{"line":82,"column":4},"end":{"line":82,"column":null}},"21":{"start":{"line":85,"column":8},"end":{"line":100,"column":null}},"22":{"start":{"line":86,"column":4},"end":{"line":99,"column":null}},"23":{"start":{"line":87,"column":6},"end":{"line":98,"column":null}},"24":{"start":{"line":88,"column":8},"end":{"line":88,"column":null}},"25":{"start":{"line":88,"column":38},"end":{"line":88,"column":null}},"26":{"start":{"line":90,"column":8},"end":{"line":97,"column":null}},"27":{"start":{"line":102,"column":8},"end":{"line":105,"column":null}},"28":{"start":{"line":103,"column":4},"end":{"line":103,"column":null}},"29":{"start":{"line":103,"column":29},"end":{"line":103,"column":82}},"30":{"start":{"line":103,"column":57},"end":{"line":103,"column":81}},"31":{"start":{"line":104,"column":4},"end":{"line":104,"column":null}},"32":{"start":{"line":104,"column":39},"end":{"line":104,"column":78}},"33":{"start":{"line":107,"column":8},"end":{"line":128,"column":null}},"34":{"start":{"line":108,"column":11},"end":{"line":117,"column":null}},"35":{"start":{"line":130,"column":2},"end":{"line":130,"column":null}},"36":{"start":{"line":134,"column":8},"end":{"line":134,"column":null}},"37":{"start":{"line":135,"column":2},"end":{"line":137,"column":null}},"38":{"start":{"line":136,"column":4},"end":{"line":136,"column":null}},"39":{"start":{"line":138,"column":2},"end":{"line":138,"column":null}}},"fnMap":{"0":{"name":"createId","decl":{"start":{"line":28,"column":9},"end":{"line":28,"column":28}},"loc":{"start":{"line":28,"column":28},"end":{"line":30,"column":null}},"line":28},"1":{"name":"now","decl":{"start":{"line":32,"column":9},"end":{"line":32,"column":23}},"loc":{"start":{"line":32,"column":23},"end":{"line":34,"column":null}},"line":32},"2":{"name":"ProjectsProvider","decl":{"start":{"line":36,"column":16},"end":{"line":36,"column":33}},"loc":{"start":{"line":44,"column":3},"end":{"line":131,"column":null}},"line":44},"3":{"name":"(anonymous_3)","decl":{"start":{"line":51,"column":4},"end":{"line":51,"column":null}},"loc":{"start":{"line":52,"column":6},"end":{"line":54,"column":null}},"line":52},"4":{"name":"(anonymous_4)","decl":{"start":{"line":53,"column":16},"end":{"line":53,"column":17}},"loc":{"start":{"line":53,"column":29},"end":{"line":53,"column":56}},"line":53},"5":{"name":"(anonymous_5)","decl":{"start":{"line":54,"column":14},"end":{"line":54,"column":15}},"loc":{"start":{"line":54,"column":24},"end":{"line":54,"column":52}},"line":54},"6":{"name":"(anonymous_6)","decl":{"start":{"line":59,"column":4},"end":{"line":59,"column":10}},"loc":{"start":{"line":59,"column":10},"end":{"line":59,"column":null}},"line":59},"7":{"name":"(anonymous_7)","decl":{"start":{"line":59,"column":24},"end":{"line":59,"column":25}},"loc":{"start":{"line":59,"column":37},"end":{"line":59,"column":69}},"line":59},"8":{"name":"(anonymous_8)","decl":{"start":{"line":63,"column":36},"end":{"line":63,"column":37}},"loc":{"start":{"line":63,"column":66},"end":{"line":65,"column":5}},"line":63},"9":{"name":"(anonymous_9)","decl":{"start":{"line":67,"column":36},"end":{"line":67,"column":37}},"loc":{"start":{"line":67,"column":76},"end":{"line":83,"column":5}},"line":67},"10":{"name":"(anonymous_10)","decl":{"start":{"line":80,"column":16},"end":{"line":80,"column":17}},"loc":{"start":{"line":80,"column":29},"end":{"line":80,"column":50}},"line":80},"11":{"name":"(anonymous_11)","decl":{"start":{"line":85,"column":36},"end":{"line":85,"column":37}},"loc":{"start":{"line":85,"column":86},"end":{"line":100,"column":5}},"line":85},"12":{"name":"(anonymous_12)","decl":{"start":{"line":86,"column":16},"end":{"line":86,"column":17}},"loc":{"start":{"line":87,"column":6},"end":{"line":98,"column":null}},"line":87},"13":{"name":"(anonymous_13)","decl":{"start":{"line":87,"column":18},"end":{"line":87,"column":19}},"loc":{"start":{"line":87,"column":31},"end":{"line":98,"column":7}},"line":87},"14":{"name":"(anonymous_14)","decl":{"start":{"line":102,"column":36},"end":{"line":102,"column":37}},"loc":{"start":{"line":102,"column":59},"end":{"line":105,"column":5}},"line":102},"15":{"name":"(anonymous_15)","decl":{"start":{"line":103,"column":16},"end":{"line":103,"column":17}},"loc":{"start":{"line":103,"column":29},"end":{"line":103,"column":82}},"line":103},"16":{"name":"(anonymous_16)","decl":{"start":{"line":103,"column":44},"end":{"line":103,"column":45}},"loc":{"start":{"line":103,"column":57},"end":{"line":103,"column":81}},"line":103},"17":{"name":"(anonymous_17)","decl":{"start":{"line":104,"column":25},"end":{"line":104,"column":26}},"loc":{"start":{"line":104,"column":39},"end":{"line":104,"column":78}},"line":104},"18":{"name":"(anonymous_18)","decl":{"start":{"line":108,"column":4},"end":{"line":108,"column":11}},"loc":{"start":{"line":108,"column":11},"end":{"line":117,"column":null}},"line":108},"19":{"name":"useProjects","decl":{"start":{"line":133,"column":16},"end":{"line":133,"column":52}},"loc":{"start":{"line":133,"column":52},"end":{"line":139,"column":null}},"line":133}},"branchMap":{"0":{"loc":{"start":{"line":38,"column":2},"end":{"line":38,"column":null}},"type":"default-arg","locations":[{"start":{"line":38,"column":20},"end":{"line":38,"column":null}}],"line":38},"1":{"loc":{"start":{"line":39,"column":2},"end":{"line":39,"column":null}},"type":"default-arg","locations":[{"start":{"line":39,"column":29},"end":{"line":39,"column":null}}],"line":39},"2":{"loc":{"start":{"line":59,"column":10},"end":{"line":59,"column":null}},"type":"binary-expr","locations":[{"start":{"line":59,"column":10},"end":{"line":59,"column":74}},{"start":{"line":59,"column":74},"end":{"line":59,"column":null}}],"line":59},"3":{"loc":{"start":{"line":73,"column":19},"end":{"line":73,"column":null}},"type":"binary-expr","locations":[{"start":{"line":73,"column":19},"end":{"line":73,"column":48}},{"start":{"line":73,"column":48},"end":{"line":73,"column":null}}],"line":73},"4":{"loc":{"start":{"line":74,"column":13},"end":{"line":74,"column":null}},"type":"binary-expr","locations":[{"start":{"line":74,"column":13},"end":{"line":74,"column":28}},{"start":{"line":74,"column":28},"end":{"line":74,"column":null}}],"line":74},"5":{"loc":{"start":{"line":88,"column":8},"end":{"line":88,"column":null}},"type":"if","locations":[{"start":{"line":88,"column":8},"end":{"line":88,"column":null}},{"start":{},"end":{}}],"line":88},"6":{"loc":{"start":{"line":93,"column":16},"end":{"line":93,"column":null}},"type":"binary-expr","locations":[{"start":{"line":93,"column":16},"end":{"line":93,"column":38}},{"start":{"line":93,"column":38},"end":{"line":93,"column":null}}],"line":93},"7":{"loc":{"start":{"line":94,"column":22},"end":{"line":94,"column":null}},"type":"binary-expr","locations":[{"start":{"line":94,"column":22},"end":{"line":94,"column":64}},{"start":{"line":94,"column":64},"end":{"line":94,"column":null}}],"line":94},"8":{"loc":{"start":{"line":95,"column":23},"end":{"line":95,"column":null}},"type":"binary-expr","locations":[{"start":{"line":95,"column":23},"end":{"line":95,"column":52}},{"start":{"line":95,"column":52},"end":{"line":95,"column":null}}],"line":95},"9":{"loc":{"start":{"line":104,"column":39},"end":{"line":104,"column":78}},"type":"cond-expr","locations":[{"start":{"line":104,"column":63},"end":{"line":104,"column":70}},{"start":{"line":104,"column":70},"end":{"line":104,"column":78}}],"line":104},"10":{"loc":{"start":{"line":135,"column":2},"end":{"line":137,"column":null}},"type":"if","locations":[{"start":{"line":135,"column":2},"end":{"line":137,"column":null}},{"start":{},"end":{}}],"line":135}},"s":{"0":7,"1":4,"2":8,"3":42,"4":42,"5":42,"6":42,"7":23,"8":1,"9":42,"10":42,"11":23,"12":42,"13":2,"14":42,"15":4,"16":4,"17":4,"18":4,"19":4,"20":4,"21":42,"22":4,"23":4,"24":4,"25":0,"26":4,"27":42,"28":2,"29":2,"30":2,"31":2,"32":2,"33":42,"34":42,"35":42,"36":279,"37":279,"38":2,"39":277},"f":{"0":4,"1":8,"2":42,"3":42,"4":23,"5":1,"6":42,"7":23,"8":2,"9":4,"10":4,"11":4,"12":4,"13":4,"14":2,"15":2,"16":2,"17":2,"18":42,"19":279},"b":{"0":[42],"1":[42],"2":[42,28],"3":[4,0],"4":[4,0],"5":[0,4],"6":[4,2],"7":[4,2],"8":[4,2],"9":[2,0],"10":[2,277]},"meta":{"lastBranch":11,"lastFunction":20,"lastStatement":40,"seen":{"s:26:6:26:Infinity":0,"f:28:9:28:28":0,"s:29:2:29:Infinity":1,"f:32:9:32:23":1,"s:33:2:33:Infinity":2,"f:36:16:36:33":2,"b:38:20:38:Infinity":0,"b:39:29:39:Infinity":1,"s:45:30:45:Infinity":3,"s:46:48:48:Infinity":4,"s:50:8:56:Infinity":5,"f:51:4:51:Infinity":3,"s:52:6:54:Infinity":6,"f:53:16:53:17":4,"s:53:29:53:56":7,"f:54:14:54:15":5,"s:54:24:54:52":8,"s:58:8:61:Infinity":9,"f:59:4:59:10":6,"s:59:10:59:Infinity":10,"b:59:10:59:74:59:74:59:Infinity":2,"f:59:24:59:25":7,"s:59:37:59:69":11,"s:63:8:65:Infinity":12,"f:63:36:63:37":8,"s:64:4:64:Infinity":13,"s:67:8:83:Infinity":14,"f:67:36:67:37":9,"s:68:22:68:Infinity":15,"s:69:29:78:Infinity":16,"b:73:19:73:48:73:48:73:Infinity":3,"b:74:13:74:28:74:28:74:Infinity":4,"s:80:4:80:Infinity":17,"f:80:16:80:17":10,"s:80:29:80:50":18,"s:81:4:81:Infinity":19,"s:82:4:82:Infinity":20,"s:85:8:100:Infinity":21,"f:85:36:85:37":11,"s:86:4:99:Infinity":22,"f:86:16:86:17":12,"s:87:6:98:Infinity":23,"f:87:18:87:19":13,"b:88:8:88:Infinity:undefined:undefined:undefined:undefined":5,"s:88:8:88:Infinity":24,"s:88:38:88:Infinity":25,"s:90:8:97:Infinity":26,"b:93:16:93:38:93:38:93:Infinity":6,"b:94:22:94:64:94:64:94:Infinity":7,"b:95:23:95:52:95:52:95:Infinity":8,"s:102:8:105:Infinity":27,"f:102:36:102:37":14,"s:103:4:103:Infinity":28,"f:103:16:103:17":15,"s:103:29:103:82":29,"f:103:44:103:45":16,"s:103:57:103:81":30,"s:104:4:104:Infinity":31,"f:104:25:104:26":17,"s:104:39:104:78":32,"b:104:63:104:70:104:70:104:78":9,"s:107:8:128:Infinity":33,"f:108:4:108:11":18,"s:108:11:117:Infinity":34,"s:130:2:130:Infinity":35,"f:133:16:133:52":19,"s:134:8:134:Infinity":36,"b:135:2:137:Infinity:undefined:undefined:undefined:undefined":10,"s:135:2:137:Infinity":37,"s:136:4:136:Infinity":38,"s:138:2:138:Infinity":39}}}
,"/Users/carlosguso/Dev/cotidiano/src/renderer/src/layouts/AppLayout.tsx": {"path":"/Users/carlosguso/Dev/cotidiano/src/renderer/src/layouts/AppLayout.tsx","statementMap":{"0":{"start":{"line":7,"column":44},"end":{"line":7,"column":null}},"1":{"start":{"line":9,"column":2},"end":{"line":14,"column":null}},"2":{"start":{"line":11,"column":38},"end":{"line":11,"column":64}},"3":{"start":{"line":13,"column":58},"end":{"line":13,"column":85}}},"fnMap":{"0":{"name":"AppLayout","decl":{"start":{"line":6,"column":16},"end":{"line":6,"column":28}},"loc":{"start":{"line":6,"column":28},"end":{"line":16,"column":null}},"line":6},"1":{"name":"(anonymous_1)","decl":{"start":{"line":11,"column":32},"end":{"line":11,"column":38}},"loc":{"start":{"line":11,"column":38},"end":{"line":11,"column":64}},"line":11},"2":{"name":"(anonymous_2)","decl":{"start":{"line":13,"column":52},"end":{"line":13,"column":58}},"loc":{"start":{"line":13,"column":58},"end":{"line":13,"column":85}},"line":13}},"branchMap":{},"s":{"0":6,"1":6,"2":2,"3":2},"f":{"0":6,"1":2,"2":2},"b":{},"meta":{"lastBranch":0,"lastFunction":3,"lastStatement":4,"seen":{"f:6:16:6:28":0,"s:7:44:7:Infinity":0,"s:9:2:14:Infinity":1,"f:11:32:11:38":1,"s:11:38:11:64":2,"f:13:52:13:58":2,"s:13:58:13:85":3}}}
,"/Users/carlosguso/Dev/cotidiano/src/renderer/src/lib/projectColors.ts": {"path":"/Users/carlosguso/Dev/cotidiano/src/renderer/src/lib/projectColors.ts","statementMap":{"0":{"start":{"line":3,"column":46},"end":{"line":12,"column":null}},"1":{"start":{"line":17,"column":4},"end":{"line":26,"column":null}},"2":{"start":{"line":29,"column":16},"end":{"line":32,"column":null}},"3":{"start":{"line":34,"column":2},"end":{"line":34,"column":null}},"4":{"start":{"line":34,"column":26},"end":{"line":34,"column":null}},"5":{"start":{"line":36,"column":2},"end":{"line":38,"column":null}},"6":{"start":{"line":37,"column":4},"end":{"line":37,"column":null}},"7":{"start":{"line":40,"column":2},"end":{"line":44,"column":null}},"8":{"start":{"line":41,"column":19},"end":{"line":41,"column":62}}},"fnMap":{"0":{"name":"suggestIdentifier","decl":{"start":{"line":28,"column":16},"end":{"line":28,"column":34}},"loc":{"start":{"line":28,"column":56},"end":{"line":45,"column":null}},"line":28},"1":{"name":"(anonymous_1)","decl":{"start":{"line":41,"column":9},"end":{"line":41,"column":10}},"loc":{"start":{"line":41,"column":19},"end":{"line":41,"column":62}},"line":41}},"branchMap":{"0":{"loc":{"start":{"line":34,"column":2},"end":{"line":34,"column":null}},"type":"if","locations":[{"start":{"line":34,"column":2},"end":{"line":34,"column":null}},{"start":{},"end":{}}],"line":34},"1":{"loc":{"start":{"line":36,"column":2},"end":{"line":38,"column":null}},"type":"if","locations":[{"start":{"line":36,"column":2},"end":{"line":38,"column":null}},{"start":{},"end":{}}],"line":36}},"s":{"0":6,"1":6,"2":77,"3":77,"4":9,"5":68,"6":44,"7":24,"8":49},"f":{"0":77,"1":49},"b":{"0":[9,68],"1":[44,24]},"meta":{"lastBranch":2,"lastFunction":2,"lastStatement":9,"seen":{"s:3:46:12:Infinity":0,"s:17:4:26:Infinity":1,"f:28:16:28:34":0,"s:29:16:32:Infinity":2,"b:34:2:34:Infinity:undefined:undefined:undefined:undefined":0,"s:34:2:34:Infinity":3,"s:34:26:34:Infinity":4,"b:36:2:38:Infinity:undefined:undefined:undefined:undefined":1,"s:36:2:38:Infinity":5,"s:37:4:37:Infinity":6,"s:40:2:44:Infinity":7,"f:41:9:41:10":1,"s:41:19:41:62":8}}}
,"/Users/carlosguso/Dev/cotidiano/src/renderer/src/lib/utils.ts": {"path":"/Users/carlosguso/Dev/cotidiano/src/renderer/src/lib/utils.ts","statementMap":{"0":{"start":{"line":5,"column":2},"end":{"line":5,"column":null}}},"fnMap":{"0":{"name":"cn","decl":{"start":{"line":4,"column":16},"end":{"line":4,"column":22}},"loc":{"start":{"line":4,"column":44},"end":{"line":6,"column":null}},"line":4}},"branchMap":{},"s":{"0":2587},"f":{"0":2587},"b":{},"meta":{"lastBranch":0,"lastFunction":1,"lastStatement":1,"seen":{"f:4:16:4:22":0,"s:5:2:5:Infinity":0}}}
,"/Users/carlosguso/Dev/cotidiano/src/renderer/src/types/project.ts": {"path":"/Users/carlosguso/Dev/cotidiano/src/renderer/src/types/project.ts","statementMap":{},"fnMap":{},"branchMap":{},"s":{},"f":{},"b":{},"meta":{"lastBranch":0,"lastFunction":0,"lastStatement":0,"seen":{}}}
}
